TN:
SF:src/app/controllers/ExampleController.js
FN:2,(anonymous_0)
FN:6,(anonymous_1)
FN:8,(anonymous_2)
FN:10,(anonymous_3)
FN:12,(anonymous_4)
FNF:5
FNH:1
FNDA:1,(anonymous_0)
FNDA:0,(anonymous_1)
FNDA:0,(anonymous_2)
FNDA:0,(anonymous_3)
FNDA:0,(anonymous_4)
DA:1,2
DA:3,1
DA:15,2
LF:3
LH:3
BRF:0
BRH:0
end_of_record
TN:
SF:src/app/controllers/PropertyController.js
FN:2,(anonymous_0)
FN:10,(anonymous_1)
FN:12,(anonymous_2)
FN:14,(anonymous_3)
FN:16,(anonymous_4)
FNF:5
FNH:1
FNDA:1,(anonymous_0)
FNDA:0,(anonymous_1)
FNDA:0,(anonymous_2)
FNDA:0,(anonymous_3)
FNDA:0,(anonymous_4)
DA:1,2
DA:3,1
DA:19,2
LF:3
LH:3
BRF:0
BRH:0
end_of_record
